Copyright 1986-2019 Xilinx, Inc. All Rights Reserved.
--------------------------------------------------------------------------------------
| Tool Version : Vivado v.2019.1 (win64) Build 2552052 Fri May 24 14:49:42 MDT 2019
| Date         : Thu Dec  7 23:03:20 2023
| Host         : DESKTOP-P5I79LF running 64-bit major release  (build 9200)
| Command      : report_control_sets -verbose -file Top_Level_control_sets_placed.rpt
| Design       : Top_Level
| Device       : xc7a35t
--------------------------------------------------------------------------------------

Control Set Information

Table of Contents
-----------------
1. Summary
2. Histogram
3. Flip-Flop Distribution
4. Detailed Control Set Information

1. Summary
----------

+----------------------------------------------------------+-------+
|                          Status                          | Count |
+----------------------------------------------------------+-------+
| Total control sets                                       |    88 |
|    Minimum number of control sets                        |    88 |
|    Addition due to synthesis replication                 |     0 |
|    Addition due to physical synthesis replication        |     0 |
| Unused register locations in slices containing registers |   348 |
+----------------------------------------------------------+-------+
* Control sets can be merged at opt_design using control_set_merge or merge_equivalent_drivers
** Run report_qor_suggestions for automated merging and remapping suggestions


2. Histogram
------------

+--------------------+-------+
|       Fanout       | Count |
+--------------------+-------+
| Total control sets |    88 |
| >= 0 to < 4        |     0 |
| >= 4 to < 6        |    87 |
| >= 6 to < 8        |     0 |
| >= 8 to < 10       |     0 |
| >= 10 to < 12      |     0 |
| >= 12 to < 14      |     0 |
| >= 14 to < 16      |     0 |
| >= 16              |     1 |
+--------------------+-------+
* Control sets can be remapped at either synth_design or opt_design


3. Flip-Flop Distribution
-------------------------

+--------------+-----------------------+------------------------+-----------------+--------------+
| Clock Enable | Synchronous Set/Reset | Asynchronous Set/Reset | Total Registers | Total Slices |
+--------------+-----------------------+------------------------+-----------------+--------------+
| No           | No                    | No                     |              56 |           27 |
| No           | No                    | Yes                    |               0 |            0 |
| No           | Yes                   | No                     |               0 |            0 |
| Yes          | No                    | No                     |             348 |          188 |
| Yes          | No                    | Yes                    |               0 |            0 |
| Yes          | Yes                   | No                     |               0 |            0 |
+--------------+-----------------------+------------------------+-----------------+--------------+


4. Detailed Control Set Information
-----------------------------------

+------------------------------+-------------------------------------------------+------------------+------------------+----------------+
|         Clock Signal         |                  Enable Signal                  | Set/Reset Signal | Slice Load Count | Bel Load Count |
+------------------------------+-------------------------------------------------+------------------+------------------+----------------+
|  not_so_slow/slowclk/clk_out | MoveBall_5/Ball1y/counter4Bit_0/UxDoL_0         |                  |                2 |              4 |
|  not_so_slow/slowclk/clk_out | MoveBall_3/Ball1x/counter4Bit_2/UxDoL           |                  |                2 |              4 |
|  not_so_slow/slowclk/clk_out | MoveBall_3/MakinBall_1/UxDoL_0                  |                  |                3 |              4 |
|  not_so_slow/slowclk/clk_out | MoveBall_3/MakinBall_1/UxDoL                    |                  |                2 |              4 |
|  not_so_slow/slowclk/clk_out | MoveBall_3/MakinBall_1/UxDoL_1                  |                  |                2 |              4 |
|  not_so_slow/slowclk/clk_out | MoveBall_3/MakinBall_1/UxDoL_4                  |                  |                2 |              4 |
|  not_so_slow/slowclk/clk_out | MoveBall_3/Ball1x/counter4Bit_0/UxDoL_0         |                  |                2 |              4 |
|  not_so_slow/slowclk/clk_out | MoveBall_2/Ball1x/counter4Bit_1/UxDoL           |                  |                2 |              4 |
|  not_so_slow/slowclk/clk_out | MoveBall_2/Ball1x/counter4Bit_2/UxDoL           |                  |                2 |              4 |
|  not_so_slow/slowclk/clk_out | MoveBall_2/Ball1y/counter4Bit_0/UxDoL_0         |                  |                2 |              4 |
|  not_so_slow/slowclk/clk_out | MoveBall_2/Ball1y/counter4Bit_2/UxDoL           |                  |                2 |              4 |
|  not_so_slow/slowclk/clk_out | MoveBall_4/MakinBall_1/UxDoL_4                  |                  |                2 |              4 |
|  not_so_slow/slowclk/clk_out | MoveBall_5/Ball1y/counter4Bit_2/UxDoL           |                  |                2 |              4 |
|  not_so_slow/slowclk/clk_out | MoveBall_4/Ball1y/counter4Bit_2/UxDoL           |                  |                3 |              4 |
|  not_so_slow/slowclk/clk_out | MoveBall_5/MakinBall_1/UxDoL                    |                  |                3 |              4 |
|  not_so_slow/slowclk/clk_out | MoveBall_5/MakinBall_1/UxDoL_2                  |                  |                2 |              4 |
|  not_so_slow/slowclk/clk_out | MoveBall_5/MakinBall_1/UxDoL_4                  |                  |                2 |              4 |
|  not_so_slow/slowclk/clk_out | MoveBall_5/MakinBall_1/UxDoL_3                  |                  |                3 |              4 |
|  not_so_slow/slowclk/clk_out | MoveBall_5/Ball1x/counter4Bit_0/UxDoL_0         |                  |                2 |              4 |
|  not_so_slow/slowclk/clk_out | MoveBall_5/Ball1x/counter4Bit_2/UxDoL           |                  |                3 |              4 |
|  not_so_slow/slowclk/clk_out | MoveBall_3/Ball1y/counter4Bit_0/UxDoL_0         |                  |                2 |              4 |
|  not_so_slow/slowclk/clk_out | MoveBall_3/Ball1y/counter4Bit_2/UxDoL           |                  |                3 |              4 |
|  not_so_slow/slowclk/clk_out | PixelAddress/Horizontally/counter4Bit_0/b0_ff_1 |                  |                2 |              4 |
|  not_so_slow/slowclk/clk_out | MoveBall_4/MakinBall_1/UxDoL_0                  |                  |                2 |              4 |
|  not_so_slow/slowclk/clk_out | MoveBall_4/MakinBall_1/UxDoL_1                  |                  |                2 |              4 |
|  not_so_slow/slowclk/clk_out | MoveBall_4/MakinBall_1/UxDoL                    |                  |                2 |              4 |
|  not_so_slow/slowclk/clk_out | MoveBall_4/Ball1y/counter4Bit_0/UxDoL_0         |                  |                2 |              4 |
|  not_so_slow/slowclk/clk_out | MoveBall_4/Ball1x/counter4Bit_0/UxDoL_0         |                  |                2 |              4 |
|  not_so_slow/slowclk/clk_out | MoveBall_4/Ball1x/counter4Bit_2/UxDoL           |                  |                2 |              4 |
|  not_so_slow/slowclk/clk_out | MoveBall_7/Ball1x/counter4Bit_2/UxDoL           |                  |                3 |              4 |
|  not_so_slow/slowclk/clk_out | PixelAddress/Horizontally/counter4Bit_1/UxDoL   |                  |                2 |              4 |
|  not_so_slow/slowclk/clk_out | PixelAddress/Horizontally/counter4Bit_1/UxDoL_0 |                  |                2 |              4 |
|  not_so_slow/slowclk/clk_out | PixelAddress/Horizontally/counter4Bit_1/UxDoL_1 |                  |                2 |              4 |
|  not_so_slow/slowclk/clk_out | MoveBall_7/Ball1y/counter4Bit_1/UxDoL           |                  |                3 |              4 |
|  not_so_slow/slowclk/clk_out | MoveBall_7/Ball1y/counter4Bit_2/UxDoL           |                  |                2 |              4 |
|  not_so_slow/slowclk/clk_out | MoveBall_8/MakinBall_1/UxDoL_0                  |                  |                2 |              4 |
|  not_so_slow/slowclk/clk_out | MoveBall_8/MakinBall_1/UxDoL_1                  |                  |                2 |              4 |
|  not_so_slow/slowclk/clk_out | MoveBall_8/MakinBall_1/UxDoL                    |                  |                3 |              4 |
|  not_so_slow/slowclk/clk_out | MoveBall_8/MakinBall_1/UxDoL_4                  |                  |                2 |              4 |
|  not_so_slow/slowclk/clk_out | MoveBall_8/Ball1x/counter4Bit_0/UxDoL_0         |                  |                2 |              4 |
|  not_so_slow/slowclk/clk_out | MoveBall_8/Ball1x/counter4Bit_2/UxDoL           |                  |                3 |              4 |
|  not_so_slow/slowclk/clk_out | MoveBall_7/MakinBall_1/UxDoL_1                  |                  |                2 |              4 |
|  not_so_slow/slowclk/clk_out | MoveBall_7/MakinBall_1/UxDoL_4                  |                  |                2 |              4 |
|  not_so_slow/slowclk/clk_out | MoveBall_7/MakinBall_1/UxDoL                    |                  |                2 |              4 |
|  not_so_slow/slowclk/clk_out | MoveBall_7/MakinBall_1/UxDoL_0                  |                  |                2 |              4 |
|  not_so_slow/slowclk/clk_out | MoveBall_6/MakinBall_1/UxDoL_3                  |                  |                2 |              4 |
|  not_so_slow/slowclk/clk_out | MoveBall_6/MakinBall_1/UxDoL                    |                  |                2 |              4 |
|  not_so_slow/slowclk/clk_out | MoveBall_6/MakinBall_1/UxDoL_2                  |                  |                2 |              4 |
|  not_so_slow/slowclk/clk_out | MoveBall_6/MakinBall_1/UxDoL_4                  |                  |                2 |              4 |
|  not_so_slow/slowclk/clk_out | MoveBall_7/Ball1x/counter4Bit_1/UxDoL           |                  |                4 |              4 |
|  not_so_slow/slowclk/clk_out | MoveBall_6/Ball1x/counter4Bit_1/UxDoL           |                  |                3 |              4 |
|  not_so_slow/slowclk/clk_out | MoveBall_6/Ball1x/counter4Bit_2/UxDoL           |                  |                2 |              4 |
|  not_so_slow/slowclk/clk_out | MoveBall_6/Ball1y/counter4Bit_0/UxDoL_0         |                  |                2 |              4 |
|  not_so_slow/slowclk/clk_out | MoveBall_6/Ball1y/counter4Bit_2/UxDoL           |                  |                2 |              4 |
|  not_so_slow/slowclk/clk_out | MoveBall_1/Ball1x/counter4Bit_2/UxDoL           |                  |                2 |              4 |
|  not_so_slow/slowclk/clk_out | MoveBall_2/MakinBall_1/UxDoL_4                  |                  |                2 |              4 |
|  not_so_slow/slowclk/clk_out | MoveBall_2/MakinBall_1/UxDoL_3                  |                  |                2 |              4 |
|  not_so_slow/slowclk/clk_out | MoveBall_2/MakinBall_1/UxDoL                    |                  |                2 |              4 |
|  not_so_slow/slowclk/clk_out | MoveBall_2/MakinBall_1/UxDoL_2                  |                  |                1 |              4 |
|  not_so_slow/slowclk/clk_out | MoveBall_1/Ball1y/counter4Bit_1/UxDoL           |                  |                2 |              4 |
|  not_so_slow/slowclk/clk_out | MoveBall_1/Ball1y/counter4Bit_2/UxDoL           |                  |                2 |              4 |
|  not_so_slow/slowclk/clk_out | MoveBall_1/MakinBall_1/UxDoL_1                  |                  |                2 |              4 |
|  not_so_slow/slowclk/clk_out | MoveBall_1/MakinBall_1/UxDoL                    |                  |                2 |              4 |
|  not_so_slow/slowclk/clk_out | MoveBall_1/MakinBall_1/UxDoL_0                  |                  |                2 |              4 |
|  not_so_slow/slowclk/clk_out | MoveBall_1/MakinBall_1/UxDoL_4                  |                  |                2 |              4 |
|  not_so_slow/slowclk/clk_out | MoveBall_1/Ball1x/counter4Bit_1/UxDoL           |                  |                3 |              4 |
|  not_so_slow/slowclk/clk_out | not_so_slow/slowclk/XLXI_39/CEO                 |                  |                2 |              4 |
|  not_so_slow/slowclk/clk_out | not_so_slow/slowclk/XLXI_38/I_36_31_n_0         |                  |                2 |              4 |
|  not_so_slow/slowclk/clk_out | not_so_slow/slowclk/XLXI_40/CEO                 |                  |                2 |              4 |
|  not_so_slow/slowclk/clk_out | not_so_slow/slowclk/XLXI_45/CEO                 |                  |                2 |              4 |
|  not_so_slow/slowclk/clk_out | PixelAddress/Vertically/counter4Bit_2/UxDoL     |                  |                3 |              4 |
|  not_so_slow/slowclk/clk_out | PixelAddress/Vertically/counter4Bit_0/UxDoL     |                  |                2 |              4 |
|  not_so_slow/slowclk/clk_out | PixelAddress/Vertically/counter4Bit_0/UxDoL_1   |                  |                2 |              4 |
|  not_so_slow/slowclk/clk_out | PixelAddress/Vertically/counter4Bit_0/UxDoL_2   |                  |                2 |              4 |
|  not_so_slow/slowclk/clk_out | MoveBall_8/Ball1y/counter4Bit_0/UxDoL_0         |                  |                2 |              4 |
|  not_so_slow/slowclk/clk_out | MoveBall_8/Ball1y/counter4Bit_2/UxDoL           |                  |                3 |              4 |
|  not_so_slow/slowclk/clk_out | AsingleSecond/counter4Bit_0/UxDoL_0             |                  |                2 |              4 |
|  not_so_slow/slowclk/clk_out | AsingleSecond/counter4Bit_0/UxDoL_1             |                  |                2 |              4 |
|  not_so_slow/slowclk/clk_out | AsingleSecond/counter4Bit_1/UxDoL               |                  |                1 |              4 |
|  not_so_slow/slowclk/clk_out | Counter16bit/counter4Bit_0/UxDoL_0              |                  |                2 |              4 |
|  not_so_slow/slowclk/clk_out | Counter16bit/counter4Bit_1/UxDoL                |                  |                1 |              4 |
|  not_so_slow/slowclk/clk_out | Counter16bit/counter4Bit_2/UxDoL                |                  |                2 |              4 |
|  not_so_slow/slowclk/clk_out | GameCountdownTimer/counter4Bit_2/UxDoL          |                  |                2 |              4 |
|  not_so_slow/slowclk/clk_out | GameStateMachine/UxDoL_2                        |                  |                2 |              4 |
|  not_so_slow/slowclk/clk_out | GameStateMachine/UxDoL_1                        |                  |                2 |              4 |
|  not_so_slow/slowclk/clk_out | GameStateMachine/UxDoL                          |                  |                2 |              4 |
|  not_so_slow/slowclk/clk_out | GameStateMachine/UxDoL_0                        |                  |                3 |              4 |
|  not_so_slow/slowclk/clk_out |                                                 |                  |               27 |             56 |
+------------------------------+-------------------------------------------------+------------------+------------------+----------------+


