#-----------------------------------------------------------
# Vivado v2019.1 (64-bit)
# SW Build 2552052 on Fri May 24 14:49:42 MDT 2019
# IP Build 2548770 on Fri May 24 18:01:18 MDT 2019
# Start of session at: Fri Nov  3 13:53:45 2023
# Process ID: 9832
# Current directory: C:/Users/Cole/Desktop/UCSC/CSE 100/Labs/Lab 4/Lab4
# Command line: vivado.exe -gui_launcher_event rodinguilauncherevent23832 C:\Users\Cole\Desktop\UCSC\CSE 100\Labs\Lab 4\Lab4\Lab4.xpr
# Log file: C:/Users/Cole/Desktop/UCSC/CSE 100/Labs/Lab 4/Lab4/vivado.log
# Journal file: C:/Users/Cole/Desktop/UCSC/CSE 100/Labs/Lab 4/Lab4\vivado.jou
#-----------------------------------------------------------
start_gui
open_project {C:/Users/Cole/Desktop/UCSC/CSE 100/Labs/Lab 4/Lab4/Lab4.xpr}
INFO: [Project 1-313] Project file moved from 'C:/Users/cole_admin/AppData/Roaming/Xilinx/Vivado/.Xil/Vivado-11488-CP/PrjAr/_X_' since last save.
Scanning sources...
Finished scanning sources
INFO: [IP_Flow 19-234] Refreshing IP repositories
INFO: [IP_Flow 19-1704] No user IP repositories specified
INFO: [IP_Flow 19-2313] Loaded Vivado IP repository 'C:/Xilinx/Vivado/2019.1/data/ip'.
exit
INFO: [Common 17-206] Exiting Vivado at Fri Nov  3 14:02:26 2023...
