#-----------------------------------------------------------
# Vivado v2019.1 (64-bit)
# SW Build 2552052 on Fri May 24 14:49:42 MDT 2019
# IP Build 2548770 on Fri May 24 18:01:18 MDT 2019
# Start of session at: Thu Nov 30 00:46:12 2023
# Process ID: 4460
# Current directory: C:/Users/cole_admin/AppData/Roaming/Xilinx/Vivado
# Command line: vivado.exe -gui_launcher_event rodinguilauncherevent5588
# Log file: C:/Users/cole_admin/AppData/Roaming/Xilinx/Vivado/vivado.log
# Journal file: C:/Users/cole_admin/AppData/Roaming/Xilinx/Vivado\vivado.jou
#-----------------------------------------------------------
start_gui
open_project {C:/Users/cole_admin/Desktop/School Work/CSE 100/Lab 6/Lab6/Lab6.xpr}
INFO: [Project 1-313] Project file moved from 'C:/Users/Cole/AppData/Roaming/Xilinx/Vivado/.Xil/Vivado-20000-DESKTOP-P5I79LF/PrjAr/_X_' since last save.
Scanning sources...
Finished scanning sources
INFO: [IP_Flow 19-234] Refreshing IP repositories
INFO: [IP_Flow 19-1704] No user IP repositories specified
INFO: [IP_Flow 19-2313] Loaded Vivado IP repository 'C:/Xilinx/Vivado/2019.1/data/ip'.
open_project: Time (s): cpu = 00:00:17 ; elapsed = 00:00:06 . Memory (MB): peak = 798.855 ; gain = 119.750
close [ open {C:/Users/cole_admin/Desktop/School Work/CSE 100/Lab 6/Lab6/Lab6.srcs/sources_1/new/GameState.v} w ]
add_files {{C:/Users/cole_admin/Desktop/School Work/CSE 100/Lab 6/Lab6/Lab6.srcs/sources_1/new/GameState.v}}
set_property is_enabled false [get_files  {{C:/Users/cole_admin/Desktop/School Work/CSE 100/Lab 6/Lab6/Lab6.srcs/sources_1/new/GameState.v}}]
archive_project {C:/Users/cole_admin/Desktop/School Work/CSE 100/Lab 6/Lab6_7_started gamestatemachine.xpr.zip} -temp_dir C:/Users/cole_admin/AppData/Roaming/Xilinx/Vivado/.Xil/Vivado-4460-CP -force -include_local_ip_cache -include_config_settings
INFO: [Coretcl 2-137] starting archive...
INFO: [Coretcl 2-1499] Saving project copy to temporary location 'C:/Users/cole_admin/AppData/Roaming/Xilinx/Vivado/.Xil/Vivado-4460-CP' for archiving project
Scanning sources...
Finished scanning sources
INFO: [Coretcl 2-1211] Creating project copy for archival...
INFO: [Coretcl 2-1213] Including run results for 'synth_1'
INFO: [Coretcl 2-1213] Including run results for 'impl_1'
INFO: [Coretcl 2-1212] Importing remotely added design sources and verilog include files (if any)...
INFO: [filemgmt 20-334] All file(s) are already imported in fileset: 'constrs_1'
INFO: [filemgmt 20-348] Importing the appropriate files for fileset: 'constrs_1'
INFO: [filemgmt 20-334] All file(s) are already imported in fileset: 'sim_1'
INFO: [filemgmt 20-348] Importing the appropriate files for fileset: 'sim_1'
INFO: [filemgmt 20-348] Importing the appropriate files for fileset: 'sources_1'
